[debug] [2023-07-28T10:35:26.804Z] ----------------------------------------------------------------------
[debug] [2023-07-28T10:35:26.806Z] Command:       C:\Program Files\nodejs\node.exe C:\Users\ROBERT\AppData\Roaming\npm\node_modules\firebase-tools\lib\bin\firebase.js emulators:start --only functions
[debug] [2023-07-28T10:35:26.806Z] CLI Version:   12.4.5
[debug] [2023-07-28T10:35:26.806Z] Platform:      win32
[debug] [2023-07-28T10:35:26.807Z] Node Version:  v18.16.0
[debug] [2023-07-28T10:35:26.808Z] Time:          Fri Jul 28 2023 12:35:26 GMT+0200 (czas środkowoeuropejski letni)
[debug] [2023-07-28T10:35:26.808Z] ----------------------------------------------------------------------
[debug] 
[debug] [2023-07-28T10:35:26.926Z] > command requires scopes: ["email","openid","https://www.googleapis.com/auth/cloudplatformprojects.readonly","https://www.googleapis.com/auth/firebase","https://www.googleapis.com/auth/cloud-platform"]
[debug] [2023-07-28T10:35:26.926Z] > authorizing via signed-in user (jacakrobert33@gmail.com)
[info] i  emulators: Starting emulators: functions {"metadata":{"emulator":{"name":"hub"},"message":"Starting emulators: functions"}}
[debug] [2023-07-28T10:35:26.939Z] [logging] Logging Emulator only supports listening on one address (127.0.0.1). Not listening on ::1
[debug] [2023-07-28T10:35:26.939Z] assigned listening specs for emulators {"user":{"hub":[{"address":"127.0.0.1","family":"IPv4","port":4400},{"address":"::1","family":"IPv6","port":4400}],"ui":[{"address":"127.0.0.1","family":"IPv4","port":4000},{"address":"::1","family":"IPv6","port":4000}],"logging":[{"address":"127.0.0.1","family":"IPv4","port":4500}]},"metadata":{"message":"assigned listening specs for emulators"}}
[debug] [2023-07-28T10:35:26.958Z] [hub] writing locator at C:\Users\ROBERT\AppData\Local\Temp\hub-boxerapp-beb5c.json
[debug] [2023-07-28T10:35:26.974Z] [functions] Functions Emulator only supports listening on one address (127.0.0.1). Not listening on ::1
[debug] [2023-07-28T10:35:26.974Z] [eventarc] Eventarc Emulator only supports listening on one address (127.0.0.1). Not listening on ::1
[debug] [2023-07-28T10:35:26.974Z] late-assigned ports for functions and eventarc emulators {"user":{"hub":[{"address":"127.0.0.1","family":"IPv4","port":4400},{"address":"::1","family":"IPv6","port":4400}],"ui":[{"address":"127.0.0.1","family":"IPv4","port":4000},{"address":"::1","family":"IPv6","port":4000}],"logging":[{"address":"127.0.0.1","family":"IPv4","port":4500}],"functions":[{"address":"127.0.0.1","family":"IPv4","port":5001}],"eventarc":[{"address":"127.0.0.1","family":"IPv4","port":9299}]},"metadata":{"message":"late-assigned ports for functions and eventarc emulators"}}
[warn] !  functions: The following emulators are not running, calls to these services from the Functions emulator will affect production: auth, firestore, database, hosting, pubsub, storage {"metadata":{"emulator":{"name":"functions"},"message":"The following emulators are not running, calls to these services from the Functions emulator will affect production: \u001b[1mauth, firestore, database, hosting, pubsub, storage\u001b[22m"}}
[debug] [2023-07-28T10:35:26.987Z] defaultcredentials: writing to file C:\Users\ROBERT\AppData\Roaming\firebase\jacakrobert33_gmail_com_application_default_credentials.json
[debug] [2023-07-28T10:35:26.997Z] Setting GAC to C:\Users\ROBERT\AppData\Roaming\firebase\jacakrobert33_gmail_com_application_default_credentials.json {"metadata":{"emulator":{"name":"functions"},"message":"Setting GAC to C:\\Users\\ROBERT\\AppData\\Roaming\\firebase\\jacakrobert33_gmail_com_application_default_credentials.json"}}
[debug] [2023-07-28T10:35:27.000Z] >>> [apiv2][query] GET https://firebase.googleapis.com/v1beta1/projects/boxerapp-beb5c/adminSdkConfig [none]
[debug] [2023-07-28T10:35:27.406Z] <<< [apiv2][status] GET https://firebase.googleapis.com/v1beta1/projects/boxerapp-beb5c/adminSdkConfig 200
[debug] [2023-07-28T10:35:27.406Z] <<< [apiv2][body] GET https://firebase.googleapis.com/v1beta1/projects/boxerapp-beb5c/adminSdkConfig {"projectId":"boxerapp-beb5c","storageBucket":"boxerapp-beb5c.appspot.com","locationId":"europe-west"}
[debug] [2023-07-28T10:35:27.426Z] Ignoring unsupported arg: auto_download {"metadata":{"emulator":{"name":"ui"},"message":"Ignoring unsupported arg: auto_download"}}
[debug] [2023-07-28T10:35:27.427Z] Ignoring unsupported arg: port {"metadata":{"emulator":{"name":"ui"},"message":"Ignoring unsupported arg: port"}}
[debug] [2023-07-28T10:35:27.427Z] Starting Emulator UI with command {"binary":"node","args":["C:\\Users\\ROBERT\\.cache\\firebase\\emulators\\ui-v1.11.7\\server\\server.js"],"optionalArgs":[],"joinArgs":false} {"metadata":{"emulator":{"name":"ui"},"message":"Starting Emulator UI with command {\"binary\":\"node\",\"args\":[\"C:\\\\Users\\\\ROBERT\\\\.cache\\\\firebase\\\\emulators\\\\ui-v1.11.7\\\\server\\\\server.js\"],\"optionalArgs\":[],\"joinArgs\":false}"}}
[info] i  ui: Emulator UI logging to ui-debug.log {"metadata":{"emulator":{"name":"ui"},"message":"Emulator UI logging to \u001b[1mui-debug.log\u001b[22m"}}
[debug] [2023-07-28T10:35:27.573Z] Web / API server started at 127.0.0.1:4000
 {"metadata":{"emulator":{"name":"ui"},"message":"Web / API server started at 127.0.0.1:4000\n"}}
[debug] [2023-07-28T10:35:27.574Z] Web / API server started at ::1:4000
 {"metadata":{"emulator":{"name":"ui"},"message":"Web / API server started at ::1:4000\n"}}
[info] i  functions: Watching "C:\Users\ROBERT\Desktop\Programowanie\BoxerCardioApp\BoxerCardio\functions" for Cloud Functions... {"metadata":{"emulator":{"name":"functions"},"message":"Watching \"C:\\Users\\ROBERT\\Desktop\\Programowanie\\BoxerCardioApp\\BoxerCardio\\functions\" for Cloud Functions..."}}
[debug] [2023-07-28T10:35:27.718Z] Validating nodejs source
[debug] [2023-07-28T10:35:29.473Z] > [functions] package.json contents: {
  "name": "functions",
  "description": "Cloud Functions for Firebase",
  "scripts": {
    "lint": "eslint",
    "serve": "firebase emulators:start --only functions",
    "shell": "firebase functions:shell",
    "start": "npm run shell",
    "deploy": "firebase deploy --only functions",
    "logs": "firebase functions:log"
  },
  "engines": {
    "node": "18"
  },
  "main": "index.js",
  "dependencies": {
    "@google-cloud/firestore": "6.7.0",
    "dotenv": "^16.3.1",
    "firebase-admin": "^11.8.0",
    "firebase-functions": "^4.3.1",
    "redis": "^4.6.7"
  },
  "devDependencies": {
    "eslint": "^8.15.0",
    "eslint-config-google": "^0.14.0",
    "firebase-functions-test": "^3.1.0"
  },
  "private": true
}
[debug] [2023-07-28T10:35:29.474Z] Building nodejs source
[debug] [2023-07-28T10:35:29.474Z] Failed to find version of module node: reached end of search path C:\Users\ROBERT\Desktop\Programowanie\BoxerCardioApp\BoxerCardio\functions\node_modules
[info] +  functions: Using node@18 from host. 
[info] i  functions: Loaded environment variables from .env. 
[debug] [2023-07-28T10:35:29.478Z] Could not find functions.yaml. Must use http discovery
[debug] [2023-07-28T10:35:29.485Z] Found firebase-functions binary at 'C:\Users\ROBERT\Desktop\Programowanie\BoxerCardioApp\BoxerCardio\functions\node_modules\.bin\firebase-functions'
[info] Serving at port 8457

[debug] [2023-07-28T10:35:30.160Z] Got response from /__/functions.yaml {"endpoints":{"addNewScore":{"availableMemoryMb":null,"timeoutSeconds":null,"minInstances":null,"maxInstances":null,"ingressSettings":null,"concurrency":null,"serviceAccountEmail":null,"vpc":null,"platform":"gcfv2","labels":{},"callableTrigger":{},"entryPoint":"addNewScore"},"getLeaderboard":{"availableMemoryMb":null,"timeoutSeconds":null,"minInstances":null,"maxInstances":null,"ingressSettings":null,"concurrency":null,"serviceAccountEmail":null,"vpc":null,"platform":"gcfv2","labels":{},"callableTrigger":{},"entryPoint":"getLeaderboard"}},"specVersion":"v1alpha1","requiredAPIs":[]}
[info] shutdown requested via /__/quitquitquit

[info] +  functions: Loaded functions definitions from source: addNewScore, getLeaderboard. {"metadata":{"emulator":{"name":"functions"},"message":"Loaded functions definitions from source: addNewScore, getLeaderboard."}}
[info] +  functions[us-central1-addNewScore]: http function initialized (http://127.0.0.1:5001/boxerapp-beb5c/us-central1/addNewScore). {"metadata":{"emulator":{"name":"functions"},"message":"\u001b[1mhttp\u001b[22m function initialized (http://127.0.0.1:5001/boxerapp-beb5c/us-central1/addNewScore)."}}
[info] +  functions[us-central1-getLeaderboard]: http function initialized (http://127.0.0.1:5001/boxerapp-beb5c/us-central1/getLeaderboard). {"metadata":{"emulator":{"name":"functions"},"message":"\u001b[1mhttp\u001b[22m function initialized (http://127.0.0.1:5001/boxerapp-beb5c/us-central1/getLeaderboard)."}}
[info] 
┌─────────────────────────────────────────────────────────────┐
│ ✔  All emulators ready! It is now safe to connect your app. │
│ i  View Emulator UI at http://127.0.0.1:4000/               │
└─────────────────────────────────────────────────────────────┘

┌───────────┬────────────────┬─────────────────────────────────┐
│ Emulator  │ Host:Port      │ View in Emulator UI             │
├───────────┼────────────────┼─────────────────────────────────┤
│ Functions │ 127.0.0.1:5001 │ http://127.0.0.1:4000/functions │
└───────────┴────────────────┴─────────────────────────────────┘
  Emulator Hub running at 127.0.0.1:4400
  Other reserved ports: 4500

Issues? Report them at https://github.com/firebase/firebase-tools/issues and attach the *-debug.log files.
 
[debug] [2023-07-28T10:56:00.758Z] File C:\Users\ROBERT\Desktop\Programowanie\BoxerCardioApp\BoxerCardio\functions\index.js changed, reloading triggers {"metadata":{"emulator":{"name":"functions"},"message":"File C:\\Users\\ROBERT\\Desktop\\Programowanie\\BoxerCardioApp\\BoxerCardio\\functions\\index.js changed, reloading triggers"}}
[debug] [2023-07-28T10:56:01.762Z] Validating nodejs source
[debug] [2023-07-28T10:56:03.590Z] > [functions] package.json contents: {
  "name": "functions",
  "description": "Cloud Functions for Firebase",
  "scripts": {
    "lint": "eslint",
    "serve": "firebase emulators:start --only functions",
    "shell": "firebase functions:shell",
    "start": "npm run shell",
    "deploy": "firebase deploy --only functions",
    "logs": "firebase functions:log"
  },
  "engines": {
    "node": "18"
  },
  "main": "index.js",
  "dependencies": {
    "@google-cloud/firestore": "6.7.0",
    "dotenv": "^16.3.1",
    "firebase-admin": "^11.8.0",
    "firebase-functions": "^4.3.1",
    "redis": "^4.6.7"
  },
  "devDependencies": {
    "eslint": "^8.15.0",
    "eslint-config-google": "^0.14.0",
    "firebase-functions-test": "^3.1.0"
  },
  "private": true
}
[debug] [2023-07-28T10:56:03.590Z] Building nodejs source
[debug] [2023-07-28T10:56:03.590Z] Failed to find version of module node: reached end of search path C:\Users\ROBERT\Desktop\Programowanie\BoxerCardioApp\BoxerCardio\functions\node_modules
[info] +  functions: Using node@18 from host. 
[info] i  functions: Loaded environment variables from .env. 
[debug] [2023-07-28T10:56:03.593Z] Could not find functions.yaml. Must use http discovery
[debug] [2023-07-28T10:56:03.599Z] Found firebase-functions binary at 'C:\Users\ROBERT\Desktop\Programowanie\BoxerCardioApp\BoxerCardio\functions\node_modules\.bin\firebase-functions'
[info] Serving at port 8189

[debug] [2023-07-28T10:56:04.351Z] Got response from /__/functions.yaml {"endpoints":{"addNewScore":{"availableMemoryMb":null,"timeoutSeconds":null,"minInstances":null,"maxInstances":null,"ingressSettings":null,"concurrency":null,"serviceAccountEmail":null,"vpc":null,"platform":"gcfv2","labels":{},"callableTrigger":{},"entryPoint":"addNewScore"},"getLeaderboard":{"availableMemoryMb":null,"timeoutSeconds":null,"minInstances":null,"maxInstances":null,"ingressSettings":null,"concurrency":null,"serviceAccountEmail":null,"vpc":null,"platform":"gcfv2","labels":{},"callableTrigger":{},"entryPoint":"getLeaderboard"}},"specVersion":"v1alpha1","requiredAPIs":[]}
[info] shutdown requested via /__/quitquitquit

[info] +  functions: Loaded functions definitions from source: addNewScore, getLeaderboard. {"metadata":{"emulator":{"name":"functions"},"message":"Loaded functions definitions from source: addNewScore, getLeaderboard."}}
[debug] [2023-07-28T10:57:40.184Z] File C:\Users\ROBERT\Desktop\Programowanie\BoxerCardioApp\BoxerCardio\functions\index.js changed, reloading triggers {"metadata":{"emulator":{"name":"functions"},"message":"File C:\\Users\\ROBERT\\Desktop\\Programowanie\\BoxerCardioApp\\BoxerCardio\\functions\\index.js changed, reloading triggers"}}
[debug] [2023-07-28T10:57:41.189Z] Validating nodejs source
[debug] [2023-07-28T10:57:42.827Z] > [functions] package.json contents: {
  "name": "functions",
  "description": "Cloud Functions for Firebase",
  "scripts": {
    "lint": "eslint",
    "serve": "firebase emulators:start --only functions",
    "shell": "firebase functions:shell",
    "start": "npm run shell",
    "deploy": "firebase deploy --only functions",
    "logs": "firebase functions:log"
  },
  "engines": {
    "node": "18"
  },
  "main": "index.js",
  "dependencies": {
    "@google-cloud/firestore": "6.7.0",
    "dotenv": "^16.3.1",
    "firebase-admin": "^11.8.0",
    "firebase-functions": "^4.3.1",
    "redis": "^4.6.7"
  },
  "devDependencies": {
    "eslint": "^8.15.0",
    "eslint-config-google": "^0.14.0",
    "firebase-functions-test": "^3.1.0"
  },
  "private": true
}
[debug] [2023-07-28T10:57:42.828Z] Building nodejs source
[debug] [2023-07-28T10:57:42.828Z] Failed to find version of module node: reached end of search path C:\Users\ROBERT\Desktop\Programowanie\BoxerCardioApp\BoxerCardio\functions\node_modules
[info] +  functions: Using node@18 from host. 
[info] i  functions: Loaded environment variables from .env. 
[debug] [2023-07-28T10:57:42.831Z] Could not find functions.yaml. Must use http discovery
[debug] [2023-07-28T10:57:42.837Z] Found firebase-functions binary at 'C:\Users\ROBERT\Desktop\Programowanie\BoxerCardioApp\BoxerCardio\functions\node_modules\.bin\firebase-functions'
[info] Serving at port 8305

[debug] [2023-07-28T10:57:43.517Z] Got response from /__/functions.yaml {"endpoints":{"addNewScore":{"availableMemoryMb":null,"timeoutSeconds":null,"minInstances":null,"maxInstances":null,"ingressSettings":null,"concurrency":null,"serviceAccountEmail":null,"vpc":null,"platform":"gcfv2","labels":{},"callableTrigger":{},"entryPoint":"addNewScore"},"getLeaderboard":{"availableMemoryMb":null,"timeoutSeconds":null,"minInstances":null,"maxInstances":null,"ingressSettings":null,"concurrency":null,"serviceAccountEmail":null,"vpc":null,"platform":"gcfv2","labels":{},"callableTrigger":{},"entryPoint":"getLeaderboard"}},"specVersion":"v1alpha1","requiredAPIs":[]}
[info] shutdown requested via /__/quitquitquit

[info] +  functions: Loaded functions definitions from source: addNewScore, getLeaderboard. {"metadata":{"emulator":{"name":"functions"},"message":"Loaded functions definitions from source: addNewScore, getLeaderboard."}}
[debug] [2023-07-28T11:03:45.470Z] Received signal SIGHUP 1
[debug] [2023-07-30T09:27:38.135Z] ----------------------------------------------------------------------
[debug] [2023-07-30T09:27:38.137Z] Command:       C:\Program Files\nodejs\node.exe C:\Users\ROBERT\AppData\Roaming\npm\node_modules\firebase-tools\lib\bin\firebase.js emulators:start --only functions
[debug] [2023-07-30T09:27:38.137Z] CLI Version:   12.4.5
[debug] [2023-07-30T09:27:38.137Z] Platform:      win32
[debug] [2023-07-30T09:27:38.138Z] Node Version:  v18.16.0
[debug] [2023-07-30T09:27:38.139Z] Time:          Sun Jul 30 2023 11:27:38 GMT+0200 (czas środkowoeuropejski letni)
[debug] [2023-07-30T09:27:38.139Z] ----------------------------------------------------------------------
[debug] 
[debug] [2023-07-30T09:27:38.143Z] >>> [apiv2][query] GET https://firebase-public.firebaseio.com/cli.json [none]
[debug] [2023-07-30T09:27:38.288Z] > command requires scopes: ["email","openid","https://www.googleapis.com/auth/cloudplatformprojects.readonly","https://www.googleapis.com/auth/firebase","https://www.googleapis.com/auth/cloud-platform"]
[debug] [2023-07-30T09:27:38.288Z] > authorizing via signed-in user (jacakrobert33@gmail.com)
[info] i  emulators: Starting emulators: functions {"metadata":{"emulator":{"name":"hub"},"message":"Starting emulators: functions"}}
[debug] [2023-07-30T09:27:38.302Z] [logging] Logging Emulator only supports listening on one address (127.0.0.1). Not listening on ::1
[debug] [2023-07-30T09:27:38.303Z] assigned listening specs for emulators {"user":{"hub":[{"address":"127.0.0.1","family":"IPv4","port":4400},{"address":"::1","family":"IPv6","port":4400}],"ui":[{"address":"127.0.0.1","family":"IPv4","port":4000},{"address":"::1","family":"IPv6","port":4000}],"logging":[{"address":"127.0.0.1","family":"IPv4","port":4500}]},"metadata":{"message":"assigned listening specs for emulators"}}
[warn] !  emulators: It seems that you are running multiple instances of the emulator suite for project boxerapp-beb5c. This may result in unexpected behavior. 
[debug] [2023-07-30T09:27:38.323Z] [hub] writing locator at C:\Users\ROBERT\AppData\Local\Temp\hub-boxerapp-beb5c.json
[debug] [2023-07-30T09:27:38.346Z] [functions] Functions Emulator only supports listening on one address (127.0.0.1). Not listening on ::1
[debug] [2023-07-30T09:27:38.347Z] [eventarc] Eventarc Emulator only supports listening on one address (127.0.0.1). Not listening on ::1
[debug] [2023-07-30T09:27:38.347Z] late-assigned ports for functions and eventarc emulators {"user":{"hub":[{"address":"127.0.0.1","family":"IPv4","port":4400},{"address":"::1","family":"IPv6","port":4400}],"ui":[{"address":"127.0.0.1","family":"IPv4","port":4000},{"address":"::1","family":"IPv6","port":4000}],"logging":[{"address":"127.0.0.1","family":"IPv4","port":4500}],"functions":[{"address":"127.0.0.1","family":"IPv4","port":5001}],"eventarc":[{"address":"127.0.0.1","family":"IPv4","port":9299}]},"metadata":{"message":"late-assigned ports for functions and eventarc emulators"}}
[warn] !  functions: The following emulators are not running, calls to these services from the Functions emulator will affect production: auth, firestore, database, hosting, pubsub, storage {"metadata":{"emulator":{"name":"functions"},"message":"The following emulators are not running, calls to these services from the Functions emulator will affect production: \u001b[1mauth, firestore, database, hosting, pubsub, storage\u001b[22m"}}
[debug] [2023-07-30T09:27:38.354Z] defaultcredentials: writing to file C:\Users\ROBERT\AppData\Roaming\firebase\jacakrobert33_gmail_com_application_default_credentials.json
[debug] [2023-07-30T09:27:38.370Z] Setting GAC to C:\Users\ROBERT\AppData\Roaming\firebase\jacakrobert33_gmail_com_application_default_credentials.json {"metadata":{"emulator":{"name":"functions"},"message":"Setting GAC to C:\\Users\\ROBERT\\AppData\\Roaming\\firebase\\jacakrobert33_gmail_com_application_default_credentials.json"}}
[debug] [2023-07-30T09:27:38.372Z] > refreshing access token with scopes: []
[debug] [2023-07-30T09:27:38.373Z] >>> [apiv2][query] POST https://www.googleapis.com/oauth2/v3/token [none]
[debug] [2023-07-30T09:27:38.373Z] >>> [apiv2][body] POST https://www.googleapis.com/oauth2/v3/token [omitted]
[debug] [2023-07-30T09:27:38.543Z] <<< [apiv2][status] POST https://www.googleapis.com/oauth2/v3/token 200
[debug] [2023-07-30T09:27:38.543Z] <<< [apiv2][body] POST https://www.googleapis.com/oauth2/v3/token [omitted]
[debug] [2023-07-30T09:27:38.553Z] >>> [apiv2][query] GET https://firebase.googleapis.com/v1beta1/projects/boxerapp-beb5c/adminSdkConfig [none]
[debug] [2023-07-30T09:27:38.660Z] <<< [apiv2][status] GET https://firebase-public.firebaseio.com/cli.json 200
[debug] [2023-07-30T09:27:38.660Z] <<< [apiv2][body] GET https://firebase-public.firebaseio.com/cli.json {"cloudBuildErrorAfter":1594252800000,"cloudBuildWarnAfter":1590019200000,"defaultNode10After":1594252800000,"minVersion":"3.0.5","node8DeploysDisabledAfter":1613390400000,"node8RuntimeDisabledAfter":1615809600000,"node8WarnAfter":1600128000000}
[debug] [2023-07-30T09:27:38.917Z] <<< [apiv2][status] GET https://firebase.googleapis.com/v1beta1/projects/boxerapp-beb5c/adminSdkConfig 200
[debug] [2023-07-30T09:27:38.917Z] <<< [apiv2][body] GET https://firebase.googleapis.com/v1beta1/projects/boxerapp-beb5c/adminSdkConfig {"projectId":"boxerapp-beb5c","storageBucket":"boxerapp-beb5c.appspot.com","locationId":"europe-west"}
[debug] [2023-07-30T09:27:38.943Z] Ignoring unsupported arg: auto_download {"metadata":{"emulator":{"name":"ui"},"message":"Ignoring unsupported arg: auto_download"}}
[debug] [2023-07-30T09:27:38.943Z] Ignoring unsupported arg: port {"metadata":{"emulator":{"name":"ui"},"message":"Ignoring unsupported arg: port"}}
[debug] [2023-07-30T09:27:38.944Z] Starting Emulator UI with command {"binary":"node","args":["C:\\Users\\ROBERT\\.cache\\firebase\\emulators\\ui-v1.11.7\\server\\server.js"],"optionalArgs":[],"joinArgs":false} {"metadata":{"emulator":{"name":"ui"},"message":"Starting Emulator UI with command {\"binary\":\"node\",\"args\":[\"C:\\\\Users\\\\ROBERT\\\\.cache\\\\firebase\\\\emulators\\\\ui-v1.11.7\\\\server\\\\server.js\"],\"optionalArgs\":[],\"joinArgs\":false}"}}
[info] i  ui: Emulator UI logging to ui-debug.log {"metadata":{"emulator":{"name":"ui"},"message":"Emulator UI logging to \u001b[1mui-debug.log\u001b[22m"}}
[debug] [2023-07-30T09:27:39.123Z] Web / API server started at 127.0.0.1:4000
 {"metadata":{"emulator":{"name":"ui"},"message":"Web / API server started at 127.0.0.1:4000\n"}}
[debug] [2023-07-30T09:27:39.124Z] Web / API server started at ::1:4000
 {"metadata":{"emulator":{"name":"ui"},"message":"Web / API server started at ::1:4000\n"}}
[info] i  functions: Watching "C:\Users\ROBERT\Desktop\Programowanie\BoxerCardioApp\BoxerCardio\functions" for Cloud Functions... {"metadata":{"emulator":{"name":"functions"},"message":"Watching \"C:\\Users\\ROBERT\\Desktop\\Programowanie\\BoxerCardioApp\\BoxerCardio\\functions\" for Cloud Functions..."}}
[debug] [2023-07-30T09:27:39.225Z] Validating nodejs source
[debug] [2023-07-30T09:27:41.151Z] > [functions] package.json contents: {
  "name": "functions",
  "description": "Cloud Functions for Firebase",
  "scripts": {
    "lint": "eslint",
    "serve": "firebase emulators:start --only functions",
    "shell": "firebase functions:shell",
    "start": "npm run shell",
    "deploy": "firebase deploy --only functions",
    "logs": "firebase functions:log"
  },
  "engines": {
    "node": "18"
  },
  "main": "index.js",
  "dependencies": {
    "@google-cloud/firestore": "6.7.0",
    "dotenv": "^16.3.1",
    "firebase-admin": "^11.8.0",
    "firebase-functions": "^4.3.1",
    "redis": "^4.6.7"
  },
  "devDependencies": {
    "eslint": "^8.15.0",
    "eslint-config-google": "^0.14.0",
    "firebase-functions-test": "^3.1.0"
  },
  "private": true
}
[debug] [2023-07-30T09:27:41.151Z] Building nodejs source
[debug] [2023-07-30T09:27:41.152Z] Failed to find version of module node: reached end of search path C:\Users\ROBERT\Desktop\Programowanie\BoxerCardioApp\BoxerCardio\functions\node_modules
[info] +  functions: Using node@18 from host. 
[info] i  functions: Loaded environment variables from .env. 
[debug] [2023-07-30T09:27:41.158Z] Could not find functions.yaml. Must use http discovery
[debug] [2023-07-30T09:27:41.167Z] Found firebase-functions binary at 'C:\Users\ROBERT\Desktop\Programowanie\BoxerCardioApp\BoxerCardio\functions\node_modules\.bin\firebase-functions'
[info] Serving at port 8633

[debug] [2023-07-30T09:27:42.521Z] Got response from /__/functions.yaml {"endpoints":{"addNewScore":{"availableMemoryMb":null,"timeoutSeconds":null,"minInstances":null,"maxInstances":null,"ingressSettings":null,"concurrency":null,"serviceAccountEmail":null,"vpc":null,"platform":"gcfv2","labels":{},"callableTrigger":{},"entryPoint":"addNewScore"},"getLeaderboard":{"availableMemoryMb":null,"timeoutSeconds":null,"minInstances":null,"maxInstances":null,"ingressSettings":null,"concurrency":null,"serviceAccountEmail":null,"vpc":null,"platform":"gcfv2","labels":{},"callableTrigger":{},"entryPoint":"getLeaderboard"}},"specVersion":"v1alpha1","requiredAPIs":[]}
[info] shutdown requested via /__/quitquitquit

[info] +  functions: Loaded functions definitions from source: addNewScore, getLeaderboard. {"metadata":{"emulator":{"name":"functions"},"message":"Loaded functions definitions from source: addNewScore, getLeaderboard."}}
[info] +  functions[us-central1-addNewScore]: http function initialized (http://127.0.0.1:5001/boxerapp-beb5c/us-central1/addNewScore). {"metadata":{"emulator":{"name":"functions"},"message":"\u001b[1mhttp\u001b[22m function initialized (http://127.0.0.1:5001/boxerapp-beb5c/us-central1/addNewScore)."}}
[info] +  functions[us-central1-getLeaderboard]: http function initialized (http://127.0.0.1:5001/boxerapp-beb5c/us-central1/getLeaderboard). {"metadata":{"emulator":{"name":"functions"},"message":"\u001b[1mhttp\u001b[22m function initialized (http://127.0.0.1:5001/boxerapp-beb5c/us-central1/getLeaderboard)."}}
[info] 
┌─────────────────────────────────────────────────────────────┐
│ ✔  All emulators ready! It is now safe to connect your app. │
│ i  View Emulator UI at http://127.0.0.1:4000/               │
└─────────────────────────────────────────────────────────────┘

┌───────────┬────────────────┬─────────────────────────────────┐
│ Emulator  │ Host:Port      │ View in Emulator UI             │
├───────────┼────────────────┼─────────────────────────────────┤
│ Functions │ 127.0.0.1:5001 │ http://127.0.0.1:4000/functions │
└───────────┴────────────────┴─────────────────────────────────┘
  Emulator Hub running at 127.0.0.1:4400
  Other reserved ports: 4500

Issues? Report them at https://github.com/firebase/firebase-tools/issues and attach the *-debug.log files.
 
[debug] [2023-07-30T09:28:40.280Z] Received signal SIGHUP 1
